<?xml version="1.0" encoding="UTF-8"?>
<!-- Generated by org.testng.reporters.JUnitXMLReporter -->
<testsuite ignored="1" hostname="DESKTOP-CJA0QNI" failures="0" tests="2" name="Default test" time="15.121" errors="0" timestamp="2024-08-30T13:52:20 IST">
  <testcase classname="com.cgi.test.LoginTest" name="invalidLoginTest" time="1.629"/>
  <testcase classname="com.cgi.test.LoginTest" name="invalidLoginTest" time="1.638"/>
  <testcase classname="com.cgi.test.LoginTest" name="validLoginTest" time="0.0">
    <ignored/>
  </testcase> <!-- validLoginTest -->
</testsuite> <!-- Default test -->
