<?xml version="1.0" encoding="UTF-8"?>
<!-- Generated by org.testng.reporters.JUnitXMLReporter -->
<testsuite ignored="2" hostname="DESKTOP-CJA0QNI" failures="0" tests="2" name="Login Test Chrome2" time="18.689" errors="0" timestamp="2024-08-30T14:23:48 IST">
  <testcase classname="com.cgi.test.LoginUITest" name="titleTest" time="0.017"/>
  <testcase classname="com.cgi.test.LoginTest" name="validLoginTest" time="2.053"/>
  <testcase classname="com.cgi.test.LoginTest" name="invalidLoginTest" time="0.0">
    <ignored/>
  </testcase> <!-- invalidLoginTest -->
  <testcase classname="com.cgi.test.LoginUITest" name="loginHeaderTest" time="0.0">
    <ignored/>
  </testcase> <!-- loginHeaderTest -->
</testsuite> <!-- Login Test Chrome2 -->
