<?xml version="1.0" encoding="UTF-8"?>
<testng-results ignored="0" total="2" passed="2" failed="0" skipped="0">
  <reporter-output>
  </reporter-output>
  <suite started-at="2024-08-29T18:31:39 IST" name="Default suite" finished-at="2024-08-29T18:31:54 IST" duration-ms="15227">
    <groups>
    </groups>
    <test started-at="2024-08-29T18:31:39 IST" name="Default test" finished-at="2024-08-29T18:31:54 IST" duration-ms="15227">
      <class name="com.cgi.test.LoginTest">
        <test-method is-config="true" signature="setup()[pri:0, instance:com.cgi.test.LoginTest@2d710f1a]" started-at="2024-08-29T18:31:40 IST" name="setup" finished-at="2024-08-29T18:31:45 IST" duration-ms="5418" status="PASS">
          <reporter-output>
          </reporter-output>
        </test-method> <!-- setup -->
        <test-method signature="invalidLoginTest(java.lang.String,java.lang.String,java.lang.String)[pri:0, instance:com.cgi.test.LoginTest@2d710f1a]" started-at="2024-08-29T18:31:45 IST" name="invalidLoginTest" data-provider="commonDataProvider" finished-at="2024-08-29T18:31:47 IST" duration-ms="1852" status="PASS">
          <params>
            <param index="0">
              <value>
                <![CDATA[Mark]]>
              </value>
            </param>
            <param index="1">
              <value>
                <![CDATA[Mark123]]>
              </value>
            </param>
            <param index="2">
              <value>
                <![CDATA[Invalid credentials]]>
              </value>
            </param>
          </params>
          <reporter-output>
          </reporter-output>
        </test-method> <!-- invalidLoginTest -->
        <test-method is-config="true" signature="teardown()[pri:0, instance:com.cgi.test.LoginTest@2d710f1a]" started-at="2024-08-29T18:31:47 IST" name="teardown" finished-at="2024-08-29T18:31:47 IST" duration-ms="137" status="PASS">
          <reporter-output>
          </reporter-output>
        </test-method> <!-- teardown -->
        <test-method is-config="true" signature="setup()[pri:0, instance:com.cgi.test.LoginTest@2d710f1a]" started-at="2024-08-29T18:31:47 IST" name="setup" finished-at="2024-08-29T18:31:52 IST" duration-ms="4986" status="PASS">
          <reporter-output>
          </reporter-output>
        </test-method> <!-- setup -->
        <test-method signature="invalidLoginTest(java.lang.String,java.lang.String,java.lang.String)[pri:0, instance:com.cgi.test.LoginTest@2d710f1a]" started-at="2024-08-29T18:31:52 IST" name="invalidLoginTest" data-provider="commonDataProvider" finished-at="2024-08-29T18:31:54 IST" duration-ms="1841" status="PASS">
          <params>
            <param index="0">
              <value>
                <![CDATA[Kevin]]>
              </value>
            </param>
            <param index="1">
              <value>
                <![CDATA[kevin123]]>
              </value>
            </param>
            <param index="2">
              <value>
                <![CDATA[Invalid credentials]]>
              </value>
            </param>
          </params>
          <reporter-output>
          </reporter-output>
        </test-method> <!-- invalidLoginTest -->
        <test-method is-config="true" signature="teardown()[pri:0, instance:com.cgi.test.LoginTest@2d710f1a]" started-at="2024-08-29T18:31:54 IST" name="teardown" finished-at="2024-08-29T18:31:54 IST" duration-ms="126" status="PASS">
          <reporter-output>
          </reporter-output>
        </test-method> <!-- teardown -->
      </class> <!-- com.cgi.test.LoginTest -->
    </test> <!-- Default test -->
  </suite> <!-- Default suite -->
</testng-results>
