<?xml version="1.0" encoding="UTF-8"?>
<testng-results ignored="0" total="2" passed="2" failed="0" skipped="0">
  <reporter-output>
  </reporter-output>
  <suite started-at="2024-08-29T17:41:32 IST" name="Default suite" finished-at="2024-08-29T17:41:46 IST" duration-ms="14116">
    <groups>
    </groups>
    <test started-at="2024-08-29T17:41:32 IST" name="Default test" finished-at="2024-08-29T17:41:46 IST" duration-ms="14116">
      <class name="com.cgi.test.LoginTest">
        <test-method is-config="true" signature="setup()[pri:0, instance:com.cgi.test.LoginTest@67f639d3]" started-at="2024-08-29T17:41:32 IST" name="setup" finished-at="2024-08-29T17:41:37 IST" duration-ms="5412" status="PASS">
          <reporter-output>
          </reporter-output>
        </test-method> <!-- setup -->
        <test-method signature="invalidLoginTest(java.lang.String,java.lang.String,java.lang.String)[pri:0, instance:com.cgi.test.LoginTest@67f639d3]" started-at="2024-08-29T17:41:37 IST" name="invalidLoginTest" data-provider="invalidLoginData" finished-at="2024-08-29T17:41:39 IST" duration-ms="1750" status="PASS">
          <params>
            <param index="0">
              <value>
                <![CDATA[john]]>
              </value>
            </param>
            <param index="1">
              <value>
                <![CDATA[john123]]>
              </value>
            </param>
            <param index="2">
              <value>
                <![CDATA[Invalid credentials]]>
              </value>
            </param>
          </params>
          <reporter-output>
          </reporter-output>
        </test-method> <!-- invalidLoginTest -->
        <test-method is-config="true" signature="teardown()[pri:0, instance:com.cgi.test.LoginTest@67f639d3]" started-at="2024-08-29T17:41:39 IST" name="teardown" finished-at="2024-08-29T17:41:39 IST" duration-ms="172" status="PASS">
          <reporter-output>
          </reporter-output>
        </test-method> <!-- teardown -->
        <test-method is-config="true" signature="setup()[pri:0, instance:com.cgi.test.LoginTest@67f639d3]" started-at="2024-08-29T17:41:39 IST" name="setup" finished-at="2024-08-29T17:41:44 IST" duration-ms="4818" status="PASS">
          <reporter-output>
          </reporter-output>
        </test-method> <!-- setup -->
        <test-method signature="invalidLoginTest(java.lang.String,java.lang.String,java.lang.String)[pri:0, instance:com.cgi.test.LoginTest@67f639d3]" started-at="2024-08-29T17:41:44 IST" name="invalidLoginTest" data-provider="invalidLoginData" finished-at="2024-08-29T17:41:46 IST" duration-ms="1756" status="PASS">
          <params>
            <param index="0">
              <value>
                <![CDATA[bala]]>
              </value>
            </param>
            <param index="1">
              <value>
                <![CDATA[bala123]]>
              </value>
            </param>
            <param index="2">
              <value>
                <![CDATA[Invalid credentials]]>
              </value>
            </param>
          </params>
          <reporter-output>
          </reporter-output>
        </test-method> <!-- invalidLoginTest -->
        <test-method is-config="true" signature="teardown()[pri:0, instance:com.cgi.test.LoginTest@67f639d3]" started-at="2024-08-29T17:41:46 IST" name="teardown" finished-at="2024-08-29T17:41:46 IST" duration-ms="150" status="PASS">
          <reporter-output>
          </reporter-output>
        </test-method> <!-- teardown -->
      </class> <!-- com.cgi.test.LoginTest -->
    </test> <!-- Default test -->
  </suite> <!-- Default suite -->
</testng-results>
